<?xml version="1.0" encoding="UTF-8"?>
<!-- Generated by org.testng.reporters.JUnitReportReporter -->
<testsuite hostname="DESKTOP-IKUQHQG" name="notclickable.elementclickyahoo" tests="1" failures="0" timestamp="29 Mar 2018 20:21:08 GMT" time="7.699" errors="0">
  <testcase name="fggh" time="7.699" classname="notclickable.elementclickyahoo"/>
</testsuite>
