<?xml version="1.0" encoding="UTF-8"?>
<!-- Generated by org.testng.reporters.JUnitReportReporter -->
<testsuite hostname="DESKTOP-IKUQHQG" name="certifi.Httpscertificate_handlin" tests="1" failures="0" timestamp="27 Mar 2018 10:51:17 GMT" time="3.982" errors="0">
  <testcase name="handle" time="3.982" classname="certifi.Httpscertificate_handlin"/>
</testsuite>
