<?xml version="1.0" encoding="UTF-8"?>
<!-- Generated by org.testng.reporters.JUnitReportReporter -->
<testsuite hostname="DESKTOP-IKUQHQG" name="cross.verifytitle2" tests="1" failures="0" timestamp="22 Mar 2018 13:29:00 GMT" time="0.001" errors="0">
  <testcase name="eat" time="0.001" classname="cross.verifytitle2"/>
</testsuite>
