<?xml version="1.0" encoding="UTF-8"?>
<!-- Generated by org.testng.reporters.JUnitReportReporter -->
<testsuite hostname="DESKTOP-IKUQHQG" name="alert.Handle_alert" tests="1" failures="0" timestamp="27 Mar 2018 11:57:07 GMT" time="4.186" errors="0">
  <testcase name="accet" time="4.186" classname="alert.Handle_alert"/>
</testsuite>
