<?xml version="1.0" encoding="UTF-8"?>
<!-- Generated by org.testng.reporters.JUnitReportReporter -->
<testsuite hostname="DESKTOP-IKUQHQG" name="creatingbaseclass.Baseclass" tests="1" failures="0" timestamp="23 Mar 2018 07:05:47 GMT" time="0.032" errors="0">
  <testcase name="test" time="0.032" classname="creatingbaseclass.Baseclass"/>
</testsuite>
