<?xml version="1.0" encoding="UTF-8"?>
<!-- Generated by org.testng.reporters.JUnitReportReporter -->
<testsuite hostname="DESKTOP-IKUQHQG" name="cross.TestDatabase" tests="1" failures="0" timestamp="22 Mar 2018 11:34:48 GMT" time="0.023" errors="0">
  <testcase name="TestVerifyDB" time="0.023" classname="cross.TestDatabase"/>
</testsuite>
