<?xml version="1.0" encoding="UTF-8"?>
<!-- Generated by org.testng.reporters.JUnitReportReporter -->
<testsuite hostname="DESKTOP-IKUQHQG" name="cross.verifytitle" tests="1" failures="0" timestamp="22 Mar 2018 14:29:46 GMT" time="7.324" errors="0">
  <testcase name="verify" time="7.324" classname="cross.verifytitle"/>
</testsuite>
