<?xml version="1.0" encoding="UTF-8"?>
<!-- Generated by org.testng.reporters.JUnitReportReporter -->
<testsuite hostname="DESKTOP-IKUQHQG" name="webtable.Handlingwebtables" tests="1" failures="0" timestamp="30 Mar 2018 07:29:58 GMT" time="31.063" errors="0">
  <testcase name="asdf" time="31.063" classname="webtable.Handlingwebtables"/>
</testsuite>
