<?xml version="1.0" encoding="UTF-8"?>
<!-- Generated by org.testng.reporters.JUnitReportReporter -->
<testsuite hostname="DESKTOP-IKUQHQG" name="hiddenelemn.findele2" tests="1" failures="0" timestamp="29 Mar 2018 19:50:19 GMT" time="10.334" errors="0">
  <testcase name="vf" time="10.334" classname="hiddenelemn.findele2"/>
</testsuite>
