<?xml version="1.0" encoding="UTF-8"?>
<!-- Generated by org.testng.reporters.JUnitReportReporter -->
<testsuite hostname="DESKTOP-IKUQHQG" name="assertdemo.hardassert" tests="1" failures="0" timestamp="29 Mar 2018 12:31:54 GMT" time="0.018" errors="0">
  <testcase name="wsdef" time="0.018" classname="assertdemo.hardassert"/>
</testsuite>
