<?xml version="1.0" encoding="UTF-8"?>
<!-- Generated by org.testng.reporters.JUnitReportReporter -->
<testsuite hostname="DESKTOP-IKUQHQG" name="creatingbaseclass.Baseclass2" tests="1" failures="0" timestamp="22 Mar 2018 21:19:18 GMT" time="9.831" errors="0">
  <testcase name="getwholetextinpage" time="9.831" classname="creatingbaseclass.Baseclass2"/>
</testsuite>
