<?xml version="1.0" encoding="UTF-8"?>
<!-- Generated by org.testng.reporters.JUnitReportReporter -->
<testsuite hostname="DESKTOP-IKUQHQG" name="creatingbaseclass.Loginapp" tests="1" failures="0" timestamp="22 Mar 2018 20:49:18 GMT" time="10.076" errors="0">
  <testcase name="validcred" time="10.076" classname="creatingbaseclass.Loginapp"/>
</testsuite>
