<?xml version="1.0" encoding="UTF-8"?>
<!-- Generated by org.testng.reporters.JUnitReportReporter -->
<testsuite hostname="DESKTOP-IKUQHQG" name="autoit.Fileupload" tests="1" failures="0" timestamp="28 Mar 2018 13:52:52 GMT" time="11.304" errors="0">
  <testcase name="swe" time="11.304" classname="autoit.Fileupload"/>
</testsuite>
